1000
  -1
  --
  999

  1234
  *20
  ---
    0
2468 
-----
24680

1234
  *2
----
2468

      1
*12345
------
      5
    4 
    3  
  2   
  1    
  -----
  12345

                999999999999999
              *999999999999999
              ----------------
              8999999999999991
              8999999999999991 
            8999999999999991  
            8999999999999991   
          8999999999999991    
          8999999999999991     
        8999999999999991      
        8999999999999991       
      8999999999999991        
      8999999999999991         
    8999999999999991          
    8999999999999991           
  8999999999999991            
  8999999999999991             
8999999999999991              
------------------------------
999999999999998000000000000001

  999999999999999
+999999999999999
----------------
1999999999999998

  999999999999999
-999999999999990
----------------
                9

                888888888888888
              *888888888888888
              ----------------
              7111111111111104
              7111111111111104 
            7111111111111104  
            7111111111111104   
          7111111111111104    
          7111111111111104     
        7111111111111104      
        7111111111111104       
      7111111111111104        
      7111111111111104         
    7111111111111104          
    7111111111111104           
  7111111111111104            
  7111111111111104             
7111111111111104              
------------------------------
790123456790121876543209876544

  888888888888888
+888888888888888
----------------
1777777777777776

  888888888888888
-888888888888880
----------------
                8

                555555555555555
              *555555555555555
              ----------------
              2777777777777775
              2777777777777775 
            2777777777777775  
            2777777777777775   
          2777777777777775    
          2777777777777775     
        2777777777777775      
        2777777777777775       
      2777777777777775        
      2777777777777775         
    2777777777777775          
    2777777777777775           
  2777777777777775            
  2777777777777775             
2777777777777775              
------------------------------
308641975308641358024691358025

  555555555555555
+555555555555555
----------------
1111111111111110

  555555555555555
-555555555555550
----------------
                5

              111111111111111
              *111111111111111
              ----------------
              111111111111111
              111111111111111 
            111111111111111  
            111111111111111   
          111111111111111    
          111111111111111     
        111111111111111      
        111111111111111       
      111111111111111        
      111111111111111         
    111111111111111          
    111111111111111           
  111111111111111            
  111111111111111             
111111111111111              
-----------------------------
12345679012345654320987654321

  111111111111111
+111111111111111
----------------
  222222222222222

  111111111111111
-111111111111110
----------------
                1

123451234567890
              *1
---------------
123451234567890

                1
*123451234567890
----------------
                0
              9 
              8  
            7   
            6    
          5     
          4      
        3       
        2        
      1         
      5          
    4           
    3            
  2             
  1              
  ---------------
  123451234567890

123451234567890
              *2
---------------
246902469135780

                2
*123451234567890
----------------
                0
              18 
            16  
            14   
          12    
          10     
          8      
        6       
        4        
      2         
    10          
    8           
    6            
  4             
  2              
  ---------------
  246902469135780

123451234567890
              *9
---------------
1111061111111010

                9
*123451234567890
----------------
                0
              81 
            72  
            63   
          54    
          45     
        36      
        27       
      18        
      9         
    45          
    36           
  27            
  18             
  9              
  ---------------
1111061111111010

  123451234567890
              *99
              ---
  1111061111111010
1111061111111010 
-----------------
12221672222221110

              99
*123451234567890
----------------
                0
            891 
            792  
          693   
          594    
        495     
        396      
      297       
      198        
      99         
    495          
  396           
  297            
198             
99              
----------------
12221672222221110

                    100000000000000000000
                    *100000000000000000000
                    ----------------------
                                        0
                                        0 
                                      0  
                                      0   
                                    0    
                                    0     
                                  0      
                                  0       
                                0        
                                0         
                              0          
                              0           
                            0            
                            0             
                          0              
                          0               
                        0                
                        0                 
                      0                  
                      0                   
100000000000000000000                    
-----------------------------------------
10000000000000000000000000000000000000000

                    789123789456789123789
                    *100000000000000000000
                    ----------------------
                                        0
                                        0 
                                      0  
                                      0   
                                    0    
                                    0     
                                  0      
                                  0       
                                0        
                                0         
                              0          
                              0           
                            0            
                            0             
                          0              
                          0               
                        0                
                        0                 
                      0                  
                      0                   
789123789456789123789                    
-----------------------------------------
78912378945678912378900000000000000000000

                    100000000000000000000
                    *789123789456789123789
                    ----------------------
                    900000000000000000000
                    800000000000000000000 
                  700000000000000000000  
                  300000000000000000000   
                200000000000000000000    
                100000000000000000000     
              900000000000000000000      
              800000000000000000000       
            700000000000000000000        
            600000000000000000000         
          500000000000000000000          
          400000000000000000000           
        900000000000000000000            
        800000000000000000000             
      700000000000000000000              
      300000000000000000000               
    200000000000000000000                
    100000000000000000000                 
  900000000000000000000                  
  800000000000000000000                   
700000000000000000000                    
-----------------------------------------
78912378945678912378900000000000000000000

                                                                                                    9999999999999999999999999999999999999999999999999999999999999999999999999999999999999999999999999999
                                                                                                    *9999999999999999999999999999999999999999999999999999999999999999999999999999999999999999999999999999
                                                                                                    -----------------------------------------------------------------------------------------------------
                                                                                                    89999999999999999999999999999999999999999999999999999999999999999999999999999999999999999999999999991
                                                                                                  89999999999999999999999999999999999999999999999999999999999999999999999999999999999999999999999999991 
                                                                                                  89999999999999999999999999999999999999999999999999999999999999999999999999999999999999999999999999991  
                                                                                                89999999999999999999999999999999999999999999999999999999999999999999999999999999999999999999999999991   
                                                                                                89999999999999999999999999999999999999999999999999999999999999999999999999999999999999999999999999991    
                                                                                              89999999999999999999999999999999999999999999999999999999999999999999999999999999999999999999999999991     
                                                                                              89999999999999999999999999999999999999999999999999999999999999999999999999999999999999999999999999991      
                                                                                            89999999999999999999999999999999999999999999999999999999999999999999999999999999999999999999999999991       
                                                                                            89999999999999999999999999999999999999999999999999999999999999999999999999999999999999999999999999991        
                                                                                          89999999999999999999999999999999999999999999999999999999999999999999999999999999999999999999999999991         
                                                                                          89999999999999999999999999999999999999999999999999999999999999999999999999999999999999999999999999991          
                                                                                        89999999999999999999999999999999999999999999999999999999999999999999999999999999999999999999999999991           
                                                                                        89999999999999999999999999999999999999999999999999999999999999999999999999999999999999999999999999991            
                                                                                      89999999999999999999999999999999999999999999999999999999999999999999999999999999999999999999999999991             
                                                                                      89999999999999999999999999999999999999999999999999999999999999999999999999999999999999999999999999991              
                                                                                    89999999999999999999999999999999999999999999999999999999999999999999999999999999999999999999999999991               
                                                                                    89999999999999999999999999999999999999999999999999999999999999999999999999999999999999999999999999991                
                                                                                  89999999999999999999999999999999999999999999999999999999999999999999999999999999999999999999999999991                 
                                                                                  89999999999999999999999999999999999999999999999999999999999999999999999999999999999999999999999999991                  
                                                                                89999999999999999999999999999999999999999999999999999999999999999999999999999999999999999999999999991                   
                                                                                89999999999999999999999999999999999999999999999999999999999999999999999999999999999999999999999999991                    
                                                                              89999999999999999999999999999999999999999999999999999999999999999999999999999999999999999999999999991                     
                                                                              89999999999999999999999999999999999999999999999999999999999999999999999999999999999999999999999999991                      
                                                                            89999999999999999999999999999999999999999999999999999999999999999999999999999999999999999999999999991                       
                                                                            89999999999999999999999999999999999999999999999999999999999999999999999999999999999999999999999999991                        
                                                                          89999999999999999999999999999999999999999999999999999999999999999999999999999999999999999999999999991                         
                                                                          89999999999999999999999999999999999999999999999999999999999999999999999999999999999999999999999999991                          
                                                                        89999999999999999999999999999999999999999999999999999999999999999999999999999999999999999999999999991                           
                                                                        89999999999999999999999999999999999999999999999999999999999999999999999999999999999999999999999999991                            
                                                                      89999999999999999999999999999999999999999999999999999999999999999999999999999999999999999999999999991                             
                                                                      89999999999999999999999999999999999999999999999999999999999999999999999999999999999999999999999999991                              
                                                                    89999999999999999999999999999999999999999999999999999999999999999999999999999999999999999999999999991                               
                                                                    89999999999999999999999999999999999999999999999999999999999999999999999999999999999999999999999999991                                
                                                                  89999999999999999999999999999999999999999999999999999999999999999999999999999999999999999999999999991                                 
                                                                  89999999999999999999999999999999999999999999999999999999999999999999999999999999999999999999999999991                                  
                                                                89999999999999999999999999999999999999999999999999999999999999999999999999999999999999999999999999991                                   
                                                                89999999999999999999999999999999999999999999999999999999999999999999999999999999999999999999999999991                                    
                                                              89999999999999999999999999999999999999999999999999999999999999999999999999999999999999999999999999991                                     
                                                              89999999999999999999999999999999999999999999999999999999999999999999999999999999999999999999999999991                                      
                                                            89999999999999999999999999999999999999999999999999999999999999999999999999999999999999999999999999991                                       
                                                            89999999999999999999999999999999999999999999999999999999999999999999999999999999999999999999999999991                                        
                                                          89999999999999999999999999999999999999999999999999999999999999999999999999999999999999999999999999991                                         
                                                          89999999999999999999999999999999999999999999999999999999999999999999999999999999999999999999999999991                                          
                                                        89999999999999999999999999999999999999999999999999999999999999999999999999999999999999999999999999991                                           
                                                        89999999999999999999999999999999999999999999999999999999999999999999999999999999999999999999999999991                                            
                                                      89999999999999999999999999999999999999999999999999999999999999999999999999999999999999999999999999991                                             
                                                      89999999999999999999999999999999999999999999999999999999999999999999999999999999999999999999999999991                                              
                                                    89999999999999999999999999999999999999999999999999999999999999999999999999999999999999999999999999991                                               
                                                    89999999999999999999999999999999999999999999999999999999999999999999999999999999999999999999999999991                                                
                                                  89999999999999999999999999999999999999999999999999999999999999999999999999999999999999999999999999991                                                 
                                                  89999999999999999999999999999999999999999999999999999999999999999999999999999999999999999999999999991                                                  
                                                89999999999999999999999999999999999999999999999999999999999999999999999999999999999999999999999999991                                                   
                                                89999999999999999999999999999999999999999999999999999999999999999999999999999999999999999999999999991                                                    
                                              89999999999999999999999999999999999999999999999999999999999999999999999999999999999999999999999999991                                                     
                                              89999999999999999999999999999999999999999999999999999999999999999999999999999999999999999999999999991                                                      
                                            89999999999999999999999999999999999999999999999999999999999999999999999999999999999999999999999999991                                                       
                                            89999999999999999999999999999999999999999999999999999999999999999999999999999999999999999999999999991                                                        
                                          89999999999999999999999999999999999999999999999999999999999999999999999999999999999999999999999999991                                                         
                                          89999999999999999999999999999999999999999999999999999999999999999999999999999999999999999999999999991                                                          
                                        89999999999999999999999999999999999999999999999999999999999999999999999999999999999999999999999999991                                                           
                                        89999999999999999999999999999999999999999999999999999999999999999999999999999999999999999999999999991                                                            
                                      89999999999999999999999999999999999999999999999999999999999999999999999999999999999999999999999999991                                                             
                                      89999999999999999999999999999999999999999999999999999999999999999999999999999999999999999999999999991                                                              
                                    89999999999999999999999999999999999999999999999999999999999999999999999999999999999999999999999999991                                                               
                                    89999999999999999999999999999999999999999999999999999999999999999999999999999999999999999999999999991                                                                
                                  89999999999999999999999999999999999999999999999999999999999999999999999999999999999999999999999999991                                                                 
                                  89999999999999999999999999999999999999999999999999999999999999999999999999999999999999999999999999991                                                                  
                                89999999999999999999999999999999999999999999999999999999999999999999999999999999999999999999999999991                                                                   
                                89999999999999999999999999999999999999999999999999999999999999999999999999999999999999999999999999991                                                                    
                              89999999999999999999999999999999999999999999999999999999999999999999999999999999999999999999999999991                                                                     
                              89999999999999999999999999999999999999999999999999999999999999999999999999999999999999999999999999991                                                                      
                            89999999999999999999999999999999999999999999999999999999999999999999999999999999999999999999999999991                                                                       
                            89999999999999999999999999999999999999999999999999999999999999999999999999999999999999999999999999991                                                                        
                          89999999999999999999999999999999999999999999999999999999999999999999999999999999999999999999999999991                                                                         
                          89999999999999999999999999999999999999999999999999999999999999999999999999999999999999999999999999991                                                                          
                        89999999999999999999999999999999999999999999999999999999999999999999999999999999999999999999999999991                                                                           
                        89999999999999999999999999999999999999999999999999999999999999999999999999999999999999999999999999991                                                                            
                      89999999999999999999999999999999999999999999999999999999999999999999999999999999999999999999999999991                                                                             
                      89999999999999999999999999999999999999999999999999999999999999999999999999999999999999999999999999991                                                                              
                    89999999999999999999999999999999999999999999999999999999999999999999999999999999999999999999999999991                                                                               
                    89999999999999999999999999999999999999999999999999999999999999999999999999999999999999999999999999991                                                                                
                  89999999999999999999999999999999999999999999999999999999999999999999999999999999999999999999999999991                                                                                 
                  89999999999999999999999999999999999999999999999999999999999999999999999999999999999999999999999999991                                                                                  
                89999999999999999999999999999999999999999999999999999999999999999999999999999999999999999999999999991                                                                                   
                89999999999999999999999999999999999999999999999999999999999999999999999999999999999999999999999999991                                                                                    
              89999999999999999999999999999999999999999999999999999999999999999999999999999999999999999999999999991                                                                                     
              89999999999999999999999999999999999999999999999999999999999999999999999999999999999999999999999999991                                                                                      
            89999999999999999999999999999999999999999999999999999999999999999999999999999999999999999999999999991                                                                                       
            89999999999999999999999999999999999999999999999999999999999999999999999999999999999999999999999999991                                                                                        
          89999999999999999999999999999999999999999999999999999999999999999999999999999999999999999999999999991                                                                                         
          89999999999999999999999999999999999999999999999999999999999999999999999999999999999999999999999999991                                                                                          
        89999999999999999999999999999999999999999999999999999999999999999999999999999999999999999999999999991                                                                                           
        89999999999999999999999999999999999999999999999999999999999999999999999999999999999999999999999999991                                                                                            
      89999999999999999999999999999999999999999999999999999999999999999999999999999999999999999999999999991                                                                                             
      89999999999999999999999999999999999999999999999999999999999999999999999999999999999999999999999999991                                                                                              
    89999999999999999999999999999999999999999999999999999999999999999999999999999999999999999999999999991                                                                                               
    89999999999999999999999999999999999999999999999999999999999999999999999999999999999999999999999999991                                                                                                
  89999999999999999999999999999999999999999999999999999999999999999999999999999999999999999999999999991                                                                                                 
  89999999999999999999999999999999999999999999999999999999999999999999999999999999999999999999999999991                                                                                                  
89999999999999999999999999999999999999999999999999999999999999999999999999999999999999999999999999991                                                                                                   
--------------------------------------------------------------------------------------------------------------------------------------------------------------------------------------------------------
99999999999999999999999999999999999999999999999999999999999999999999999999999999999999999999999999980000000000000000000000000000000000000000000000000000000000000000000000000000000000000000000000000001

                                                                                                    1000000000000000000000000000000000000000000000000000000000000000000000000000000000000000000000000000
                                                                                                  *1000000000000000000000000000000000000000000000000000000000000000000000000000000000000000000000000000
                                                                                                  -----------------------------------------------------------------------------------------------------
                                                                                                                                                                                                      0
                                                                                                                                                                                                      0 
                                                                                                                                                                                                    0  
                                                                                                                                                                                                    0   
                                                                                                                                                                                                  0    
                                                                                                                                                                                                  0     
                                                                                                                                                                                                0      
                                                                                                                                                                                                0       
                                                                                                                                                                                              0        
                                                                                                                                                                                              0         
                                                                                                                                                                                            0          
                                                                                                                                                                                            0           
                                                                                                                                                                                          0            
                                                                                                                                                                                          0             
                                                                                                                                                                                        0              
                                                                                                                                                                                        0               
                                                                                                                                                                                      0                
                                                                                                                                                                                      0                 
                                                                                                                                                                                    0                  
                                                                                                                                                                                    0                   
                                                                                                                                                                                  0                    
                                                                                                                                                                                  0                     
                                                                                                                                                                                0                      
                                                                                                                                                                                0                       
                                                                                                                                                                              0                        
                                                                                                                                                                              0                         
                                                                                                                                                                            0                          
                                                                                                                                                                            0                           
                                                                                                                                                                          0                            
                                                                                                                                                                          0                             
                                                                                                                                                                        0                              
                                                                                                                                                                        0                               
                                                                                                                                                                      0                                
                                                                                                                                                                      0                                 
                                                                                                                                                                    0                                  
                                                                                                                                                                    0                                   
                                                                                                                                                                  0                                    
                                                                                                                                                                  0                                     
                                                                                                                                                                0                                      
                                                                                                                                                                0                                       
                                                                                                                                                              0                                        
                                                                                                                                                              0                                         
                                                                                                                                                            0                                          
                                                                                                                                                            0                                           
                                                                                                                                                          0                                            
                                                                                                                                                          0                                             
                                                                                                                                                        0                                              
                                                                                                                                                        0                                               
                                                                                                                                                      0                                                
                                                                                                                                                      0                                                 
                                                                                                                                                    0                                                  
                                                                                                                                                    0                                                   
                                                                                                                                                  0                                                    
                                                                                                                                                  0                                                     
                                                                                                                                                0                                                      
                                                                                                                                                0                                                       
                                                                                                                                              0                                                        
                                                                                                                                              0                                                         
                                                                                                                                            0                                                          
                                                                                                                                            0                                                           
                                                                                                                                          0                                                            
                                                                                                                                          0                                                             
                                                                                                                                        0                                                              
                                                                                                                                        0                                                               
                                                                                                                                      0                                                                
                                                                                                                                      0                                                                 
                                                                                                                                    0                                                                  
                                                                                                                                    0                                                                   
                                                                                                                                  0                                                                    
                                                                                                                                  0                                                                     
                                                                                                                                0                                                                      
                                                                                                                                0                                                                       
                                                                                                                              0                                                                        
                                                                                                                              0                                                                         
                                                                                                                            0                                                                          
                                                                                                                            0                                                                           
                                                                                                                          0                                                                            
                                                                                                                          0                                                                             
                                                                                                                        0                                                                              
                                                                                                                        0                                                                               
                                                                                                                      0                                                                                
                                                                                                                      0                                                                                 
                                                                                                                    0                                                                                  
                                                                                                                    0                                                                                   
                                                                                                                  0                                                                                    
                                                                                                                  0                                                                                     
                                                                                                                0                                                                                      
                                                                                                                0                                                                                       
                                                                                                              0                                                                                        
                                                                                                              0                                                                                         
                                                                                                            0                                                                                          
                                                                                                            0                                                                                           
                                                                                                          0                                                                                            
                                                                                                          0                                                                                             
                                                                                                        0                                                                                              
                                                                                                        0                                                                                               
                                                                                                      0                                                                                                
                                                                                                      0                                                                                                 
                                                                                                    0                                                                                                  
1000000000000000000000000000000000000000000000000000000000000000000000000000000000000000000000000000                                                                                                   
-------------------------------------------------------------------------------------------------------------------------------------------------------------------------------------------------------
1000000000000000000000000000000000000000000000000000000000000000000000000000000000000000000000000000000000000000000000000000000000000000000000000000000000000000000000000000000000000000000000000000000

                                                                                                    1
*1000000000000000000000000000000000000000000000000000000000000000000000000000000000000000000000000000
-----------------------------------------------------------------------------------------------------
                                                                                                    0
                                                                                                    0 
                                                                                                  0  
                                                                                                  0   
                                                                                                0    
                                                                                                0     
                                                                                              0      
                                                                                              0       
                                                                                            0        
                                                                                            0         
                                                                                          0          
                                                                                          0           
                                                                                        0            
                                                                                        0             
                                                                                      0              
                                                                                      0               
                                                                                    0                
                                                                                    0                 
                                                                                  0                  
                                                                                  0                   
                                                                                0                    
                                                                                0                     
                                                                              0                      
                                                                              0                       
                                                                            0                        
                                                                            0                         
                                                                          0                          
                                                                          0                           
                                                                        0                            
                                                                        0                             
                                                                      0                              
                                                                      0                               
                                                                    0                                
                                                                    0                                 
                                                                  0                                  
                                                                  0                                   
                                                                0                                    
                                                                0                                     
                                                              0                                      
                                                              0                                       
                                                            0                                        
                                                            0                                         
                                                          0                                          
                                                          0                                           
                                                        0                                            
                                                        0                                             
                                                      0                                              
                                                      0                                               
                                                    0                                                
                                                    0                                                 
                                                  0                                                  
                                                  0                                                   
                                                0                                                    
                                                0                                                     
                                              0                                                      
                                              0                                                       
                                            0                                                        
                                            0                                                         
                                          0                                                          
                                          0                                                           
                                        0                                                            
                                        0                                                             
                                      0                                                              
                                      0                                                               
                                    0                                                                
                                    0                                                                 
                                  0                                                                  
                                  0                                                                   
                                0                                                                    
                                0                                                                     
                              0                                                                      
                              0                                                                       
                            0                                                                        
                            0                                                                         
                          0                                                                          
                          0                                                                           
                        0                                                                            
                        0                                                                             
                      0                                                                              
                      0                                                                               
                    0                                                                                
                    0                                                                                 
                  0                                                                                  
                  0                                                                                   
                0                                                                                    
                0                                                                                     
              0                                                                                      
              0                                                                                       
            0                                                                                        
            0                                                                                         
          0                                                                                          
          0                                                                                           
        0                                                                                            
        0                                                                                             
      0                                                                                              
      0                                                                                               
    0                                                                                                
    0                                                                                                 
  0                                                                                                  
  1                                                                                                   
  ----------------------------------------------------------------------------------------------------
  1000000000000000000000000000000000000000000000000000000000000000000000000000000000000000000000000000

1000000000000000000000000000000000000000000000000000000000000000000000000000000000000000000000000000
                                                                                                  *1
----------------------------------------------------------------------------------------------------
1000000000000000000000000000000000000000000000000000000000000000000000000000000000000000000000000000

                                                                                                      54518810160953281269027686690085537318325420848975877645304412966797530072056953431205735276572142906
                                                                                                    *90311981416838886249904735154124256454696289178892792166782204620275645363280060339655223443806834408
                                                                                                    ------------------------------------------------------------------------------------------------------
                                                                                                    436150481287626250152221493520684298546603366791807021162435303734380240576455627449645882212577143248
                                                                                                                                                                                                        0 
                                                                                                  218075240643813125076110746760342149273301683395903510581217651867190120288227813724822941106288571624  
                                                                                                  218075240643813125076110746760342149273301683395903510581217651867190120288227813724822941106288571624   
                                                                                                163556430482859843807083060070256611954976262546927632935913238900392590216170860293617205829716428718    
                                                                                                436150481287626250152221493520684298546603366791807021162435303734380240576455627449645882212577143248     
                                                                                              327112860965719687614166120140513223909952525093855265871826477800785180432341720587234411659432857436      
                                                                                                                                                                                                  0       
                                                                                            436150481287626250152221493520684298546603366791807021162435303734380240576455627449645882212577143248        
                                                                                            163556430482859843807083060070256611954976262546927632935913238900392590216170860293617205829716428718         
                                                                                          218075240643813125076110746760342149273301683395903510581217651867190120288227813724822941106288571624          
                                                                                          218075240643813125076110746760342149273301683395903510581217651867190120288227813724822941106288571624           
                                                                                        163556430482859843807083060070256611954976262546927632935913238900392590216170860293617205829716428718            
                                                                                        109037620321906562538055373380171074636650841697951755290608825933595060144113906862411470553144285812             
                                                                                      109037620321906562538055373380171074636650841697951755290608825933595060144113906862411470553144285812              
                                                                                      272594050804766406345138433450427686591627104244879388226522064833987650360284767156028676382860714530               
                                                                                    272594050804766406345138433450427686591627104244879388226522064833987650360284767156028676382860714530                
                      

